C51 COMPILER V9.52.0.0   4_BIT_ESC                                                         01/06/2014 13:15:25 PAGE 1   


C51 COMPILER V9.52.0.0, COMPILATION OF MODULE 4_BIT_ESC
OBJECT MODULE PLACED IN 4-Bit-ESC.OBJ
COMPILER INVOKED BY: C:\Keil\C51\BIN\C51.EXE 4-Bit-ESC.c BROWSE DEBUG OBJECTEXTEND TABS(2)

line level    source

   1          #include <reg51.h>
   2          #include <lcd.h>
   3          
   4          sbit RS = P2^3;
   5          sbit EN = P2^2;
   6          
   7          sbit D0 = P0^0;
   8          sbit D1 = P0^1;
   9          sbit D2 = P0^2;
  10          sbit D3 = P0^3;
  11          sbit D4 = P0^4;
  12          sbit D5 = P0^5;
  13          sbit D6 = P0^6;
  14          sbit D7 = P0^7;
  15          
  16          void main(){
  17   1      
  18   1        while(1){
  19   2      
  20   2          Lcd8_Init();
  21   2      
  22   2          Lcd8_Set_Cursor(2,10);
  23   2          Lcd8_Write_Char("a");
*** WARNING C214 IN LINE 23 OF 4-Bit-ESC.c: 'Argument': conversion: pointer to non-pointer
  24   2      
  25   2      }
  26   1      }
*** WARNING C290 IN LINE 84 OF 4-Bit-ESC.c: missing return value
*** WARNING C290 IN LINE 176 OF 4-Bit-ESC.c: missing return value


MODULE INFORMATION:   STATIC OVERLAYABLE
   CODE SIZE        =    587    ----
   CONSTANT SIZE    =      2    ----
   XDATA SIZE       =   ----    ----
   PDATA SIZE       =   ----    ----
   DATA SIZE        =   ----      15
   IDATA SIZE       =   ----    ----
   BIT SIZE         =   ----    ----
END OF MODULE INFORMATION.


C51 COMPILATION COMPLETE.  3 WARNING(S),  0 ERROR(S)
