C51 COMPILER V9.52.0.0   KJH                                                               12/15/2013 03:47:00 PAGE 1   


C51 COMPILER V9.52.0.0, COMPILATION OF MODULE KJH
OBJECT MODULE PLACED IN kjh.OBJ
COMPILER INVOKED BY: C:\Keil\C51\BIN\C51.EXE kjh.c BROWSE DEBUG OBJECTEXTEND TABS(2)

line level    source

   1          #include <REG51.H>
   2          
   3          sbit SENSOR_1 = P3^0;
   4          sbit SENSOR_2 = P3^1;
   5          sbit SENSOR_3 = P3^2;
   6          sbit PORT1_0 = P1^0;
   7          sbit PORT1_1 = P1^1;
   8          sbit PORT1_2 = P1^2;
   9          sbit PORT1_3 = P1^3;
  10          sbit PORT1_4 = P1^4;
  11          sbit PORT1_5 = P1^5;
  12          sbit PORT1_6 = P1^6;
  13          
  14          void main (void) {
  15   1        unsigned int i;
  16   1        unsigned switch_enable = 0;
  17   1        SENSOR_1 = 0;
  18   1        SENSOR_2 = 0;
  19   1        SENSOR_3 = 0;
  20   1        while (1) {
  21   2          
  22   2          if (SENSOR_3 == 1 && SENSOR_1 == 0){
  23   3          
  24   3          PORT1_0 = 1;
  25   3          PORT1_1 = 0;
  26   3          PORT1_4 = 1; //Firstly stop the right motor if its working
  27   3          PORT1_5 = 1;
  28   3          for(i=0;i<200;i++);
  29   3          PORT1_2 = 1; //We'll going to run left motor according to datasheet of L293D
  30   3          PORT1_3 = 0;  
  31   3          }
  32   2          else if (SENSOR_1 == 1 && SENSOR_3 == 0) {
  33   3            PORT1_0 = 0;
  34   3            PORT1_1 = 1;
  35   3            PORT1_2 = 1; //Stop the left motor
  36   3            PORT1_3 = 1;
  37   3            for(i=0;i<200;i++);
  38   3            PORT1_4 = 1; //Values to start right motor
  39   3            PORT1_5 = 0;
  40   3          }
  41   2          else if (SENSOR_1 == 1 && SENSOR_2 == 1 && SENSOR_3 == 1)
  42   2          {
  43   3            PORT1_0 = 1;
  44   3            PORT1_1 = 1;
  45   3            PORT1_2 = 0; //Reverse to direction of left motor
  46   3            PORT1_3 = 1;
  47   3            for(i=0;i<200;i++);
  48   3            PORT1_4 = 1;
  49   3            PORT1_5 = 0;
  50   3          }
  51   2          else
  52   2          {
  53   3            PORT1_0 = 1;
  54   3            PORT1_1 = 1;
  55   3            PORT1_2 = 1; //We'll going to run left motor according to datasheet of L293D
C51 COMPILER V9.52.0.0   KJH                                                               12/15/2013 03:47:00 PAGE 2   

  56   3            PORT1_3 = 0;
  57   3            PORT1_4 = 1; //Values to start right motor
  58   3            PORT1_5 = 0;      
  59   3          }
  60   2          }  
  61   1      }


MODULE INFORMATION:   STATIC OVERLAYABLE
   CODE SIZE        =    126    ----
   CONSTANT SIZE    =   ----    ----
   XDATA SIZE       =   ----    ----
   PDATA SIZE       =   ----    ----
   DATA SIZE        =   ----       2
   IDATA SIZE       =   ----    ----
   BIT SIZE         =   ----    ----
END OF MODULE INFORMATION.


C51 COMPILATION COMPLETE.  0 WARNING(S),  0 ERROR(S)
