C51 COMPILER V9.52.0.0   OBS                                                               01/06/2014 16:27:06 PAGE 1   


C51 COMPILER V9.52.0.0, COMPILATION OF MODULE OBS
OBJECT MODULE PLACED IN obs.OBJ
COMPILER INVOKED BY: C:\Keil\C51\BIN\C51.EXE obs.c BROWSE DEBUG OBJECTEXTEND TABS(2)

line level    source

   1          #include <REG51.H>
   2          #include <lcd.h>
   3          
   4          //Sensor Section
   5          sbit SENSOR_1 = P3^0;
   6          sbit SENSOR_2 = P3^1;
   7          sbit SENSOR_3 = P3^2;
   8          
   9          //Motor Section
  10          sbit PORT1_0 = P1^0;        //Enable1 pin
  11          sbit PORT1_1 = P1^1;        //Enable2 pin
  12          sbit PORT1_2 = P1^2;        //I-O1 Left motor forward
  13          sbit PORT1_3 = P1^3;        //I-O2 Left motor backward
  14          sbit PORT1_4 = P1^4;        //I-O3 Right motor forward
  15          sbit PORT1_5 = P1^5;        //I-O4 Right motor backward
  16                
  17          //LCD Sesction
  18          sbit D0 = P0^0;
  19          sbit D1 = P0^1;
  20          sbit D2 = P0^2;
  21          sbit D3 = P0^3;
  22          sbit D4 = P0^4;
  23          sbit D5 = P0^5;
  24          sbit D6 = P0^6;
  25          sbit D7 = P0^7;
  26          
  27          //LCD Register Section
  28          sbit RS = P3^3;
  29          sbit EN = P3^4;
  30          
  31          void main (void) {
  32   1          
  33   1        
  34   1          char *A=49;
  35   1          
  36   1          P3 = 0x00;    //Clear Port 3
  37   1          P1 = 0x00;    //Clear Port 1
  38   1          
  39   1          Lcd8_Init();
  40   1          Lcd_Delay(100);
  41   1          Lcd8_Set_Cursor(1,1);
  42   1          Lcd8_Write_String(A);
  43   1        
  44   1          while (1) {
  45   2          
  46   2            if (SENSOR_3 == 1 && SENSOR_1 == 0)
  47   2              {
  48   3                PORT1_0 = 1;
  49   3                PORT1_1 = 0;
  50   3                PORT1_2 = 1;
  51   3                PORT1_3 = 0;
  52   3                PORT1_4 = 1;
  53   3                PORT1_5 = 1;            
  54   3              }
  55   2            else if (SENSOR_1 == 1 && SENSOR_3 == 0) 
C51 COMPILER V9.52.0.0   OBS                                                               01/06/2014 16:27:06 PAGE 2   

  56   2              {
  57   3                PORT1_0 = 0;
  58   3                PORT1_1 = 1;
  59   3                PORT1_2 = 1;
  60   3                PORT1_3 = 1;
  61   3                PORT1_4 = 1;
  62   3                PORT1_5 = 0;
  63   3              }
  64   2            else if (SENSOR_1 == 1 && SENSOR_2 == 1 && SENSOR_3 == 1)
  65   2              { 
  66   3                PORT1_0 = 1;
  67   3                PORT1_1 = 1;
  68   3                PORT1_2 = 0; 
  69   3                PORT1_3 = 1;
  70   3                PORT1_4 = 1;
  71   3                PORT1_5 = 0;
  72   3              }
  73   2            else
  74   2              {
  75   3                PORT1_0 = 1;
  76   3                PORT1_1 = 1;
  77   3                PORT1_2 = 1; 
  78   3                PORT1_3 = 0;
  79   3                PORT1_4 = 1; 
  80   3                PORT1_5 = 0;      
  81   3            }
  82   2          }  
  83   1      }
*** WARNING C290 IN LINE 84 OF obs.c: missing return value
*** WARNING C290 IN LINE 176 OF obs.c: missing return value


MODULE INFORMATION:   STATIC OVERLAYABLE
   CODE SIZE        =    681    ----
   CONSTANT SIZE    =   ----    ----
   XDATA SIZE       =   ----    ----
   PDATA SIZE       =   ----    ----
   DATA SIZE        =   ----      18
   IDATA SIZE       =   ----    ----
   BIT SIZE         =   ----    ----
END OF MODULE INFORMATION.


C51 COMPILATION COMPLETE.  2 WARNING(S),  0 ERROR(S)
